The system is: Linux - 3.19.0-15-generic - x86_64
Compiling the C compiler identification source file "CMakeCCompilerId.c" succeeded.
Compiler: /home/vibhanshu/installed/llvm/bin/clang 
Build flags: 
Id flags: 

The output was:
0


Compilation of the C compiler identification source "CMakeCCompilerId.c" produced "a.out"

The C compiler identification is Clang, found in "/home/vibhanshu/BTP/cpuNaive/CMakeFiles/3.0.2/CompilerIdC/a.out"

Compiling the CXX compiler identification source file "CMakeCXXCompilerId.cpp" succeeded.
Compiler: /home/vibhanshu/installed/llvm/bin/clang++ 
Build flags: 
Id flags: 

The output was:
0


Compilation of the CXX compiler identification source "CMakeCXXCompilerId.cpp" produced "a.out"

The CXX compiler identification is Clang, found in "/home/vibhanshu/BTP/cpuNaive/CMakeFiles/3.0.2/CompilerIdCXX/a.out"

Determining if the C compiler works passed with the following output:
Change Dir: /home/vibhanshu/BTP/cpuNaive/CMakeFiles/CMakeTmp

Run Build Command:"/usr/bin/make" "cmTryCompileExec1290439133/fast"
/usr/bin/make -f CMakeFiles/cmTryCompileExec1290439133.dir/build.make CMakeFiles/cmTryCompileExec1290439133.dir/build
make[1]: Entering directory '/home/vibhanshu/BTP/cpuNaive/CMakeFiles/CMakeTmp'
/usr/bin/cmake -E cmake_progress_report /home/vibhanshu/BTP/cpuNaive/CMakeFiles/CMakeTmp/CMakeFiles 1
Building C object CMakeFiles/cmTryCompileExec1290439133.dir/testCCompiler.c.o
/home/vibhanshu/installed/llvm/bin/clang    -o CMakeFiles/cmTryCompileExec1290439133.dir/testCCompiler.c.o   -c /home/vibhanshu/BTP/cpuNaive/CMakeFiles/CMakeTmp/testCCompiler.c
Linking C executable cmTryCompileExec1290439133
/usr/bin/cmake -E cmake_link_script CMakeFiles/cmTryCompileExec1290439133.dir/link.txt --verbose=1
/home/vibhanshu/installed/llvm/bin/clang       CMakeFiles/cmTryCompileExec1290439133.dir/testCCompiler.c.o  -o cmTryCompileExec1290439133 -rdynamic 
make[1]: Leaving directory '/home/vibhanshu/BTP/cpuNaive/CMakeFiles/CMakeTmp'


Detecting C compiler ABI info compiled with the following output:
Change Dir: /home/vibhanshu/BTP/cpuNaive/CMakeFiles/CMakeTmp

Run Build Command:"/usr/bin/make" "cmTryCompileExec1382108502/fast"
/usr/bin/make -f CMakeFiles/cmTryCompileExec1382108502.dir/build.make CMakeFiles/cmTryCompileExec1382108502.dir/build
make[1]: Entering directory '/home/vibhanshu/BTP/cpuNaive/CMakeFiles/CMakeTmp'
/usr/bin/cmake -E cmake_progress_report /home/vibhanshu/BTP/cpuNaive/CMakeFiles/CMakeTmp/CMakeFiles 1
Building C object CMakeFiles/cmTryCompileExec1382108502.dir/CMakeCCompilerABI.c.o
/home/vibhanshu/installed/llvm/bin/clang    -o CMakeFiles/cmTryCompileExec1382108502.dir/CMakeCCompilerABI.c.o   -c /usr/share/cmake-3.0/Modules/CMakeCCompilerABI.c
Linking C executable cmTryCompileExec1382108502
/usr/bin/cmake -E cmake_link_script CMakeFiles/cmTryCompileExec1382108502.dir/link.txt --verbose=1
/home/vibhanshu/installed/llvm/bin/clang     -v CMakeFiles/cmTryCompileExec1382108502.dir/CMakeCCompilerABI.c.o  -o cmTryCompileExec1382108502 -rdynamic  
clang version 3.9.0 (trunk)
Target: x86_64-unknown-linux-gnu
Thread model: posix
InstalledDir: /home/vibhanshu/installed/llvm/bin
Found candidate GCC installation: /usr/lib/gcc/x86_64-linux-gnu/4.9
Found candidate GCC installation: /usr/lib/gcc/x86_64-linux-gnu/4.9.2
Found candidate GCC installation: /usr/lib/gcc/x86_64-linux-gnu/5.0.1
Selected GCC installation: /usr/lib/gcc/x86_64-linux-gnu/4.9
Candidate multilib: .;@m64
Selected multilib: .;@m64
Found CUDA installation: /usr/local/cuda
 "/usr/bin/ld" -export-dynamic -z relro --hash-style=gnu --build-id --eh-frame-hdr -m elf_x86_64 -export-dynamic -dynamic-linker /lib64/ld-linux-x86-64.so.2 -o cmTryCompileExec1382108502 /usr/lib/gcc/x86_64-linux-gnu/4.9/../../../x86_64-linux-gnu/crt1.o /usr/lib/gcc/x86_64-linux-gnu/4.9/../../../x86_64-linux-gnu/crti.o /usr/lib/gcc/x86_64-linux-gnu/4.9/crtbegin.o -L/usr/lib/gcc/x86_64-linux-gnu/4.9 -L/usr/lib/gcc/x86_64-linux-gnu/4.9/../../../x86_64-linux-gnu -L/lib/x86_64-linux-gnu -L/lib/../lib64 -L/usr/lib/x86_64-linux-gnu -L/usr/lib/gcc/x86_64-linux-gnu/4.9/../../.. -L/home/vibhanshu/installed/llvm/bin/../lib -L/lib -L/usr/lib CMakeFiles/cmTryCompileExec1382108502.dir/CMakeCCompilerABI.c.o -lgcc --as-needed -lgcc_s --no-as-needed -lc -lgcc --as-needed -lgcc_s --no-as-needed /usr/lib/gcc/x86_64-linux-gnu/4.9/crtend.o /usr/lib/gcc/x86_64-linux-gnu/4.9/../../../x86_64-linux-gnu/crtn.o
make[1]: Leaving directory '/home/vibhanshu/BTP/cpuNaive/CMakeFiles/CMakeTmp'


Parsed C implicit link information from above output:
  link line regex: [^( *|.*[/\])(ld|([^/\]+-)?ld|collect2)[^/\]*( |$)]
  ignore line: [Change Dir: /home/vibhanshu/BTP/cpuNaive/CMakeFiles/CMakeTmp]
  ignore line: []
  ignore line: [Run Build Command:"/usr/bin/make" "cmTryCompileExec1382108502/fast"]
  ignore line: [/usr/bin/make -f CMakeFiles/cmTryCompileExec1382108502.dir/build.make CMakeFiles/cmTryCompileExec1382108502.dir/build]
  ignore line: [make[1]: Entering directory '/home/vibhanshu/BTP/cpuNaive/CMakeFiles/CMakeTmp']
  ignore line: [/usr/bin/cmake -E cmake_progress_report /home/vibhanshu/BTP/cpuNaive/CMakeFiles/CMakeTmp/CMakeFiles 1]
  ignore line: [Building C object CMakeFiles/cmTryCompileExec1382108502.dir/CMakeCCompilerABI.c.o]
  ignore line: [/home/vibhanshu/installed/llvm/bin/clang    -o CMakeFiles/cmTryCompileExec1382108502.dir/CMakeCCompilerABI.c.o   -c /usr/share/cmake-3.0/Modules/CMakeCCompilerABI.c]
  ignore line: [Linking C executable cmTryCompileExec1382108502]
  ignore line: [/usr/bin/cmake -E cmake_link_script CMakeFiles/cmTryCompileExec1382108502.dir/link.txt --verbose=1]
  ignore line: [/home/vibhanshu/installed/llvm/bin/clang     -v CMakeFiles/cmTryCompileExec1382108502.dir/CMakeCCompilerABI.c.o  -o cmTryCompileExec1382108502 -rdynamic  ]
  ignore line: [clang version 3.9.0 (trunk)]
  ignore line: [Target: x86_64-unknown-linux-gnu]
  ignore line: [Thread model: posix]
  ignore line: [InstalledDir: /home/vibhanshu/installed/llvm/bin]
  ignore line: [Found candidate GCC installation: /usr/lib/gcc/x86_64-linux-gnu/4.9]
  ignore line: [Found candidate GCC installation: /usr/lib/gcc/x86_64-linux-gnu/4.9.2]
  ignore line: [Found candidate GCC installation: /usr/lib/gcc/x86_64-linux-gnu/5.0.1]
  ignore line: [Selected GCC installation: /usr/lib/gcc/x86_64-linux-gnu/4.9]
  ignore line: [Candidate multilib: .]
  ignore line: [@m64]
  ignore line: [Selected multilib: .]
  ignore line: [@m64]
  ignore line: [Found CUDA installation: /usr/local/cuda]
  link line: [ "/usr/bin/ld" -export-dynamic -z relro --hash-style=gnu --build-id --eh-frame-hdr -m elf_x86_64 -export-dynamic -dynamic-linker /lib64/ld-linux-x86-64.so.2 -o cmTryCompileExec1382108502 /usr/lib/gcc/x86_64-linux-gnu/4.9/../../../x86_64-linux-gnu/crt1.o /usr/lib/gcc/x86_64-linux-gnu/4.9/../../../x86_64-linux-gnu/crti.o /usr/lib/gcc/x86_64-linux-gnu/4.9/crtbegin.o -L/usr/lib/gcc/x86_64-linux-gnu/4.9 -L/usr/lib/gcc/x86_64-linux-gnu/4.9/../../../x86_64-linux-gnu -L/lib/x86_64-linux-gnu -L/lib/../lib64 -L/usr/lib/x86_64-linux-gnu -L/usr/lib/gcc/x86_64-linux-gnu/4.9/../../.. -L/home/vibhanshu/installed/llvm/bin/../lib -L/lib -L/usr/lib CMakeFiles/cmTryCompileExec1382108502.dir/CMakeCCompilerABI.c.o -lgcc --as-needed -lgcc_s --no-as-needed -lc -lgcc --as-needed -lgcc_s --no-as-needed /usr/lib/gcc/x86_64-linux-gnu/4.9/crtend.o /usr/lib/gcc/x86_64-linux-gnu/4.9/../../../x86_64-linux-gnu/crtn.o]
    arg [/usr/bin/ld] ==> ignore
    arg [-export-dynamic] ==> ignore
    arg [-zrelro] ==> ignore
    arg [--hash-style=gnu] ==> ignore
    arg [--build-id] ==> ignore
    arg [--eh-frame-hdr] ==> ignore
    arg [-m] ==> ignore
    arg [elf_x86_64] ==> ignore
    arg [-export-dynamic] ==> ignore
    arg [-dynamic-linker] ==> ignore
    arg [/lib64/ld-linux-x86-64.so.2] ==> ignore
    arg [-o] ==> ignore
    arg [cmTryCompileExec1382108502] ==> ignore
    arg [/usr/lib/gcc/x86_64-linux-gnu/4.9/../../../x86_64-linux-gnu/crt1.o] ==> ignore
    arg [/usr/lib/gcc/x86_64-linux-gnu/4.9/../../../x86_64-linux-gnu/crti.o] ==> ignore
    arg [/usr/lib/gcc/x86_64-linux-gnu/4.9/crtbegin.o] ==> ignore
    arg [-L/usr/lib/gcc/x86_64-linux-gnu/4.9] ==> dir [/usr/lib/gcc/x86_64-linux-gnu/4.9]
    arg [-L/usr/lib/gcc/x86_64-linux-gnu/4.9/../../../x86_64-linux-gnu] ==> dir [/usr/lib/gcc/x86_64-linux-gnu/4.9/../../../x86_64-linux-gnu]
    arg [-L/lib/x86_64-linux-gnu] ==> dir [/lib/x86_64-linux-gnu]
    arg [-L/lib/../lib64] ==> dir [/lib/../lib64]
    arg [-L/usr/lib/x86_64-linux-gnu] ==> dir [/usr/lib/x86_64-linux-gnu]
    arg [-L/usr/lib/gcc/x86_64-linux-gnu/4.9/../../..] ==> dir [/usr/lib/gcc/x86_64-linux-gnu/4.9/../../..]
    arg [-L/home/vibhanshu/installed/llvm/bin/../lib] ==> dir [/home/vibhanshu/installed/llvm/bin/../lib]
    arg [-L/lib] ==> dir [/lib]
    arg [-L/usr/lib] ==> dir [/usr/lib]
    arg [CMakeFiles/cmTryCompileExec1382108502.dir/CMakeCCompilerABI.c.o] ==> ignore
    arg [-lgcc] ==> lib [gcc]
    arg [--as-needed] ==> ignore
    arg [-lgcc_s] ==> lib [gcc_s]
    arg [--no-as-needed] ==> ignore
    arg [-lc] ==> lib [c]
    arg [-lgcc] ==> lib [gcc]
    arg [--as-needed] ==> ignore
    arg [-lgcc_s] ==> lib [gcc_s]
    arg [--no-as-needed] ==> ignore
    arg [/usr/lib/gcc/x86_64-linux-gnu/4.9/crtend.o] ==> ignore
    arg [/usr/lib/gcc/x86_64-linux-gnu/4.9/../../../x86_64-linux-gnu/crtn.o] ==> ignore
  remove lib [gcc]
  remove lib [gcc_s]
  remove lib [gcc]
  remove lib [gcc_s]
  collapse library dir [/usr/lib/gcc/x86_64-linux-gnu/4.9] ==> [/usr/lib/gcc/x86_64-linux-gnu/4.9]
  collapse library dir [/usr/lib/gcc/x86_64-linux-gnu/4.9/../../../x86_64-linux-gnu] ==> [/usr/lib/x86_64-linux-gnu]
  collapse library dir [/lib/x86_64-linux-gnu] ==> [/lib/x86_64-linux-gnu]
  collapse library dir [/lib/../lib64] ==> [/lib64]
  collapse library dir [/usr/lib/x86_64-linux-gnu] ==> [/usr/lib/x86_64-linux-gnu]
  collapse library dir [/usr/lib/gcc/x86_64-linux-gnu/4.9/../../..] ==> [/usr/lib]
  collapse library dir [/home/vibhanshu/installed/llvm/bin/../lib] ==> [/home/vibhanshu/installed/llvm/lib]
  collapse library dir [/lib] ==> [/lib]
  collapse library dir [/usr/lib] ==> [/usr/lib]
  implicit libs: [c]
  implicit dirs: [/usr/lib/gcc/x86_64-linux-gnu/4.9;/usr/lib/x86_64-linux-gnu;/lib/x86_64-linux-gnu;/lib64;/usr/lib;/home/vibhanshu/installed/llvm/lib;/lib]
  implicit fwks: []


Determining if the CXX compiler works passed with the following output:
Change Dir: /home/vibhanshu/BTP/cpuNaive/CMakeFiles/CMakeTmp

Run Build Command:"/usr/bin/make" "cmTryCompileExec2726876467/fast"
/usr/bin/make -f CMakeFiles/cmTryCompileExec2726876467.dir/build.make CMakeFiles/cmTryCompileExec2726876467.dir/build
make[1]: Entering directory '/home/vibhanshu/BTP/cpuNaive/CMakeFiles/CMakeTmp'
/usr/bin/cmake -E cmake_progress_report /home/vibhanshu/BTP/cpuNaive/CMakeFiles/CMakeTmp/CMakeFiles 1
Building CXX object CMakeFiles/cmTryCompileExec2726876467.dir/testCXXCompiler.cxx.o
/home/vibhanshu/installed/llvm/bin/clang++     -o CMakeFiles/cmTryCompileExec2726876467.dir/testCXXCompiler.cxx.o -c /home/vibhanshu/BTP/cpuNaive/CMakeFiles/CMakeTmp/testCXXCompiler.cxx
Linking CXX executable cmTryCompileExec2726876467
/usr/bin/cmake -E cmake_link_script CMakeFiles/cmTryCompileExec2726876467.dir/link.txt --verbose=1
/home/vibhanshu/installed/llvm/bin/clang++        CMakeFiles/cmTryCompileExec2726876467.dir/testCXXCompiler.cxx.o  -o cmTryCompileExec2726876467 -rdynamic 
make[1]: Leaving directory '/home/vibhanshu/BTP/cpuNaive/CMakeFiles/CMakeTmp'


Detecting CXX compiler ABI info compiled with the following output:
Change Dir: /home/vibhanshu/BTP/cpuNaive/CMakeFiles/CMakeTmp

Run Build Command:"/usr/bin/make" "cmTryCompileExec2404146608/fast"
/usr/bin/make -f CMakeFiles/cmTryCompileExec2404146608.dir/build.make CMakeFiles/cmTryCompileExec2404146608.dir/build
make[1]: Entering directory '/home/vibhanshu/BTP/cpuNaive/CMakeFiles/CMakeTmp'
/usr/bin/cmake -E cmake_progress_report /home/vibhanshu/BTP/cpuNaive/CMakeFiles/CMakeTmp/CMakeFiles 1
Building CXX object CMakeFiles/cmTryCompileExec2404146608.dir/CMakeCXXCompilerABI.cpp.o
/home/vibhanshu/installed/llvm/bin/clang++     -o CMakeFiles/cmTryCompileExec2404146608.dir/CMakeCXXCompilerABI.cpp.o -c /usr/share/cmake-3.0/Modules/CMakeCXXCompilerABI.cpp
Linking CXX executable cmTryCompileExec2404146608
/usr/bin/cmake -E cmake_link_script CMakeFiles/cmTryCompileExec2404146608.dir/link.txt --verbose=1
/home/vibhanshu/installed/llvm/bin/clang++      -v CMakeFiles/cmTryCompileExec2404146608.dir/CMakeCXXCompilerABI.cpp.o  -o cmTryCompileExec2404146608 -rdynamic  
clang version 3.9.0 (trunk)
Target: x86_64-unknown-linux-gnu
Thread model: posix
InstalledDir: /home/vibhanshu/installed/llvm/bin
Found candidate GCC installation: /usr/lib/gcc/x86_64-linux-gnu/4.9
Found candidate GCC installation: /usr/lib/gcc/x86_64-linux-gnu/4.9.2
Found candidate GCC installation: /usr/lib/gcc/x86_64-linux-gnu/5.0.1
Selected GCC installation: /usr/lib/gcc/x86_64-linux-gnu/4.9
Candidate multilib: .;@m64
Selected multilib: .;@m64
Found CUDA installation: /usr/local/cuda
 "/usr/bin/ld" -export-dynamic -z relro --hash-style=gnu --build-id --eh-frame-hdr -m elf_x86_64 -export-dynamic -dynamic-linker /lib64/ld-linux-x86-64.so.2 -o cmTryCompileExec2404146608 /usr/lib/gcc/x86_64-linux-gnu/4.9/../../../x86_64-linux-gnu/crt1.o /usr/lib/gcc/x86_64-linux-gnu/4.9/../../../x86_64-linux-gnu/crti.o /usr/lib/gcc/x86_64-linux-gnu/4.9/crtbegin.o -L/usr/lib/gcc/x86_64-linux-gnu/4.9 -L/usr/lib/gcc/x86_64-linux-gnu/4.9/../../../x86_64-linux-gnu -L/lib/x86_64-linux-gnu -L/lib/../lib64 -L/usr/lib/x86_64-linux-gnu -L/usr/lib/gcc/x86_64-linux-gnu/4.9/../../.. -L/home/vibhanshu/installed/llvm/bin/../lib -L/lib -L/usr/lib CMakeFiles/cmTryCompileExec2404146608.dir/CMakeCXXCompilerABI.cpp.o -lstdc++ -lm -lgcc_s -lgcc -lc -lgcc_s -lgcc /usr/lib/gcc/x86_64-linux-gnu/4.9/crtend.o /usr/lib/gcc/x86_64-linux-gnu/4.9/../../../x86_64-linux-gnu/crtn.o
make[1]: Leaving directory '/home/vibhanshu/BTP/cpuNaive/CMakeFiles/CMakeTmp'


Parsed CXX implicit link information from above output:
  link line regex: [^( *|.*[/\])(ld|([^/\]+-)?ld|collect2)[^/\]*( |$)]
  ignore line: [Change Dir: /home/vibhanshu/BTP/cpuNaive/CMakeFiles/CMakeTmp]
  ignore line: []
  ignore line: [Run Build Command:"/usr/bin/make" "cmTryCompileExec2404146608/fast"]
  ignore line: [/usr/bin/make -f CMakeFiles/cmTryCompileExec2404146608.dir/build.make CMakeFiles/cmTryCompileExec2404146608.dir/build]
  ignore line: [make[1]: Entering directory '/home/vibhanshu/BTP/cpuNaive/CMakeFiles/CMakeTmp']
  ignore line: [/usr/bin/cmake -E cmake_progress_report /home/vibhanshu/BTP/cpuNaive/CMakeFiles/CMakeTmp/CMakeFiles 1]
  ignore line: [Building CXX object CMakeFiles/cmTryCompileExec2404146608.dir/CMakeCXXCompilerABI.cpp.o]
  ignore line: [/home/vibhanshu/installed/llvm/bin/clang++     -o CMakeFiles/cmTryCompileExec2404146608.dir/CMakeCXXCompilerABI.cpp.o -c /usr/share/cmake-3.0/Modules/CMakeCXXCompilerABI.cpp]
  ignore line: [Linking CXX executable cmTryCompileExec2404146608]
  ignore line: [/usr/bin/cmake -E cmake_link_script CMakeFiles/cmTryCompileExec2404146608.dir/link.txt --verbose=1]
  ignore line: [/home/vibhanshu/installed/llvm/bin/clang++      -v CMakeFiles/cmTryCompileExec2404146608.dir/CMakeCXXCompilerABI.cpp.o  -o cmTryCompileExec2404146608 -rdynamic  ]
  ignore line: [clang version 3.9.0 (trunk)]
  ignore line: [Target: x86_64-unknown-linux-gnu]
  ignore line: [Thread model: posix]
  ignore line: [InstalledDir: /home/vibhanshu/installed/llvm/bin]
  ignore line: [Found candidate GCC installation: /usr/lib/gcc/x86_64-linux-gnu/4.9]
  ignore line: [Found candidate GCC installation: /usr/lib/gcc/x86_64-linux-gnu/4.9.2]
  ignore line: [Found candidate GCC installation: /usr/lib/gcc/x86_64-linux-gnu/5.0.1]
  ignore line: [Selected GCC installation: /usr/lib/gcc/x86_64-linux-gnu/4.9]
  ignore line: [Candidate multilib: .]
  ignore line: [@m64]
  ignore line: [Selected multilib: .]
  ignore line: [@m64]
  ignore line: [Found CUDA installation: /usr/local/cuda]
  link line: [ "/usr/bin/ld" -export-dynamic -z relro --hash-style=gnu --build-id --eh-frame-hdr -m elf_x86_64 -export-dynamic -dynamic-linker /lib64/ld-linux-x86-64.so.2 -o cmTryCompileExec2404146608 /usr/lib/gcc/x86_64-linux-gnu/4.9/../../../x86_64-linux-gnu/crt1.o /usr/lib/gcc/x86_64-linux-gnu/4.9/../../../x86_64-linux-gnu/crti.o /usr/lib/gcc/x86_64-linux-gnu/4.9/crtbegin.o -L/usr/lib/gcc/x86_64-linux-gnu/4.9 -L/usr/lib/gcc/x86_64-linux-gnu/4.9/../../../x86_64-linux-gnu -L/lib/x86_64-linux-gnu -L/lib/../lib64 -L/usr/lib/x86_64-linux-gnu -L/usr/lib/gcc/x86_64-linux-gnu/4.9/../../.. -L/home/vibhanshu/installed/llvm/bin/../lib -L/lib -L/usr/lib CMakeFiles/cmTryCompileExec2404146608.dir/CMakeCXXCompilerABI.cpp.o -lstdc++ -lm -lgcc_s -lgcc -lc -lgcc_s -lgcc /usr/lib/gcc/x86_64-linux-gnu/4.9/crtend.o /usr/lib/gcc/x86_64-linux-gnu/4.9/../../../x86_64-linux-gnu/crtn.o]
    arg [/usr/bin/ld] ==> ignore
    arg [-export-dynamic] ==> ignore
    arg [-zrelro] ==> ignore
    arg [--hash-style=gnu] ==> ignore
    arg [--build-id] ==> ignore
    arg [--eh-frame-hdr] ==> ignore
    arg [-m] ==> ignore
    arg [elf_x86_64] ==> ignore
    arg [-export-dynamic] ==> ignore
    arg [-dynamic-linker] ==> ignore
    arg [/lib64/ld-linux-x86-64.so.2] ==> ignore
    arg [-o] ==> ignore
    arg [cmTryCompileExec2404146608] ==> ignore
    arg [/usr/lib/gcc/x86_64-linux-gnu/4.9/../../../x86_64-linux-gnu/crt1.o] ==> ignore
    arg [/usr/lib/gcc/x86_64-linux-gnu/4.9/../../../x86_64-linux-gnu/crti.o] ==> ignore
    arg [/usr/lib/gcc/x86_64-linux-gnu/4.9/crtbegin.o] ==> ignore
    arg [-L/usr/lib/gcc/x86_64-linux-gnu/4.9] ==> dir [/usr/lib/gcc/x86_64-linux-gnu/4.9]
    arg [-L/usr/lib/gcc/x86_64-linux-gnu/4.9/../../../x86_64-linux-gnu] ==> dir [/usr/lib/gcc/x86_64-linux-gnu/4.9/../../../x86_64-linux-gnu]
    arg [-L/lib/x86_64-linux-gnu] ==> dir [/lib/x86_64-linux-gnu]
    arg [-L/lib/../lib64] ==> dir [/lib/../lib64]
    arg [-L/usr/lib/x86_64-linux-gnu] ==> dir [/usr/lib/x86_64-linux-gnu]
    arg [-L/usr/lib/gcc/x86_64-linux-gnu/4.9/../../..] ==> dir [/usr/lib/gcc/x86_64-linux-gnu/4.9/../../..]
    arg [-L/home/vibhanshu/installed/llvm/bin/../lib] ==> dir [/home/vibhanshu/installed/llvm/bin/../lib]
    arg [-L/lib] ==> dir [/lib]
    arg [-L/usr/lib] ==> dir [/usr/lib]
    arg [CMakeFiles/cmTryCompileExec2404146608.dir/CMakeCXXCompilerABI.cpp.o] ==> ignore
    arg [-lstdc++] ==> lib [stdc++]
    arg [-lm] ==> lib [m]
    arg [-lgcc_s] ==> lib [gcc_s]
    arg [-lgcc] ==> lib [gcc]
    arg [-lc] ==> lib [c]
    arg [-lgcc_s] ==> lib [gcc_s]
    arg [-lgcc] ==> lib [gcc]
    arg [/usr/lib/gcc/x86_64-linux-gnu/4.9/crtend.o] ==> ignore
    arg [/usr/lib/gcc/x86_64-linux-gnu/4.9/../../../x86_64-linux-gnu/crtn.o] ==> ignore
  remove lib [gcc_s]
  remove lib [gcc]
  remove lib [gcc_s]
  remove lib [gcc]
  collapse library dir [/usr/lib/gcc/x86_64-linux-gnu/4.9] ==> [/usr/lib/gcc/x86_64-linux-gnu/4.9]
  collapse library dir [/usr/lib/gcc/x86_64-linux-gnu/4.9/../../../x86_64-linux-gnu] ==> [/usr/lib/x86_64-linux-gnu]
  collapse library dir [/lib/x86_64-linux-gnu] ==> [/lib/x86_64-linux-gnu]
  collapse library dir [/lib/../lib64] ==> [/lib64]
  collapse library dir [/usr/lib/x86_64-linux-gnu] ==> [/usr/lib/x86_64-linux-gnu]
  collapse library dir [/usr/lib/gcc/x86_64-linux-gnu/4.9/../../..] ==> [/usr/lib]
  collapse library dir [/home/vibhanshu/installed/llvm/bin/../lib] ==> [/home/vibhanshu/installed/llvm/lib]
  collapse library dir [/lib] ==> [/lib]
  collapse library dir [/usr/lib] ==> [/usr/lib]
  implicit libs: [stdc++;m;c]
  implicit dirs: [/usr/lib/gcc/x86_64-linux-gnu/4.9;/usr/lib/x86_64-linux-gnu;/lib/x86_64-linux-gnu;/lib64;/usr/lib;/home/vibhanshu/installed/llvm/lib;/lib]
  implicit fwks: []


The system is: CYGWIN - 2.5.0(0.297/5/3) - x86_64
Compiling the C compiler identification source file "CMakeCCompilerId.c" succeeded.
Compiler: /usr/bin/cc 
Build flags: 
Id flags: 

The output was:
0


Compilation of the C compiler identification source "CMakeCCompilerId.c" produced "a.exe"

The C compiler identification is GNU, found in "/cygdrive/e/cpuNaive/CMakeFiles/3.3.2/CompilerIdC/a.exe"

Compiling the CXX compiler identification source file "CMakeCXXCompilerId.cpp" succeeded.
Compiler: /usr/bin/c++.exe 
Build flags: 
Id flags: 

The output was:
0


Compilation of the CXX compiler identification source "CMakeCXXCompilerId.cpp" produced "a.exe"

The CXX compiler identification is GNU, found in "/cygdrive/e/cpuNaive/CMakeFiles/3.3.2/CompilerIdCXX/a.exe"

Determining if the C compiler works passed with the following output:
Change Dir: /cygdrive/e/cpuNaive/CMakeFiles/CMakeTmp

Run Build Command:"/usr/bin/make.exe" "cmTC_75d3a/fast"
/usr/bin/make -f CMakeFiles/cmTC_75d3a.dir/build.make CMakeFiles/cmTC_75d3a.dir/build
make[1]: Entering directory '/cygdrive/e/cpuNaive/CMakeFiles/CMakeTmp'
Building C object CMakeFiles/cmTC_75d3a.dir/testCCompiler.c.o
/usr/bin/cc    -o CMakeFiles/cmTC_75d3a.dir/testCCompiler.c.o   -c /cygdrive/e/cpuNaive/CMakeFiles/CMakeTmp/testCCompiler.c
Linking C executable cmTC_75d3a.exe
/usr/bin/cmake.exe -E cmake_link_script CMakeFiles/cmTC_75d3a.dir/link.txt --verbose=1
/usr/bin/cc     -Wl,--enable-auto-import  CMakeFiles/cmTC_75d3a.dir/testCCompiler.c.o  -o cmTC_75d3a.exe -Wl,--out-implib,libcmTC_75d3a.dll.a -Wl,--major-image-version,0,--minor-image-version,0  
make[1]: Leaving directory '/cygdrive/e/cpuNaive/CMakeFiles/CMakeTmp'


Detecting C compiler ABI info compiled with the following output:
Change Dir: /cygdrive/e/cpuNaive/CMakeFiles/CMakeTmp

Run Build Command:"/usr/bin/make.exe" "cmTC_c2d48/fast"
/usr/bin/make -f CMakeFiles/cmTC_c2d48.dir/build.make CMakeFiles/cmTC_c2d48.dir/build
make[1]: Entering directory '/cygdrive/e/cpuNaive/CMakeFiles/CMakeTmp'
Building C object CMakeFiles/cmTC_c2d48.dir/CMakeCCompilerABI.c.o
/usr/bin/cc    -o CMakeFiles/cmTC_c2d48.dir/CMakeCCompilerABI.c.o   -c /usr/share/cmake-3.3.2/Modules/CMakeCCompilerABI.c
Linking C executable cmTC_c2d48.exe
/usr/bin/cmake.exe -E cmake_link_script CMakeFiles/cmTC_c2d48.dir/link.txt --verbose=1
/usr/bin/cc     -Wl,--enable-auto-import -v CMakeFiles/cmTC_c2d48.dir/CMakeCCompilerABI.c.o  -o cmTC_c2d48.exe -Wl,--out-implib,libcmTC_c2d48.dll.a -Wl,--major-image-version,0,--minor-image-version,0   
Using built-in specs.
COLLECT_GCC=/usr/bin/cc
COLLECT_LTO_WRAPPER=/usr/lib/gcc/x86_64-pc-cygwin/5.3.0/lto-wrapper.exe
Target: x86_64-pc-cygwin
Configured with: /cygdrive/i/szsz/tmpp/gcc/gcc-5.3.0-5.x86_64/src/gcc-5.3.0/configure --srcdir=/cygdrive/i/szsz/tmpp/gcc/gcc-5.3.0-5.x86_64/src/gcc-5.3.0 --prefix=/usr --exec-prefix=/usr --localstatedir=/var --sysconfdir=/etc --docdir=/usr/share/doc/gcc --htmldir=/usr/share/doc/gcc/html -C --build=x86_64-pc-cygwin --host=x86_64-pc-cygwin --target=x86_64-pc-cygwin --without-libiconv-prefix --without-libintl-prefix --libexecdir=/usr/lib --enable-shared --enable-shared-libgcc --enable-static --enable-version-specific-runtime-libs --enable-bootstrap --enable-__cxa_atexit --with-dwarf2 --with-tune=generic --enable-languages=ada,c,c++,fortran,lto,objc,obj-c++ --enable-graphite --enable-threads=posix --enable-libatomic --enable-libcilkrts --enable-libgomp --enable-libitm --enable-libquadmath --enable-libquadmath-support --enable-libssp --enable-libada --enable-libgcj-sublibs --disable-java-awt --disable-symvers --with-ecj-jar=/usr/share/java/ecj.jar --with-gnu-ld --with-gnu-as --with-cloog-include=/usr/include/cloog-isl --without-libiconv-prefix --without-libintl-prefix --with-system-zlib --enable-linker-build-id --with-default-libstdcxx-abi=gcc4-compatible
Thread model: posix
gcc version 5.3.0 (GCC) 
COMPILER_PATH=/usr/lib/gcc/x86_64-pc-cygwin/5.3.0/:/usr/lib/gcc/x86_64-pc-cygwin/5.3.0/:/usr/lib/gcc/x86_64-pc-cygwin/:/usr/lib/gcc/x86_64-pc-cygwin/5.3.0/:/usr/lib/gcc/x86_64-pc-cygwin/:/usr/lib/gcc/x86_64-pc-cygwin/5.3.0/../../../../x86_64-pc-cygwin/bin/
LIBRARY_PATH=/usr/lib/gcc/x86_64-pc-cygwin/5.3.0/:/usr/lib/gcc/x86_64-pc-cygwin/5.3.0/../../../../x86_64-pc-cygwin/lib/../lib/:/usr/lib/../lib/:/lib/../lib/:/usr/lib/gcc/x86_64-pc-cygwin/5.3.0/../../../../x86_64-pc-cygwin/lib/:/usr/lib/:/lib/:/usr/lib/w32api/
COLLECT_GCC_OPTIONS='-v' '-o' 'cmTC_c2d48.exe' '-mtune=generic' '-march=x86-64'
 /usr/lib/gcc/x86_64-pc-cygwin/5.3.0/collect2.exe -plugin /usr/lib/gcc/x86_64-pc-cygwin/5.3.0/cyglto_plugin.dll -plugin-opt=/usr/lib/gcc/x86_64-pc-cygwin/5.3.0/lto-wrapper.exe -plugin-opt=-fresolution=/tmp/ccWPhugc.res -plugin-opt=-pass-through=-lgcc_s -plugin-opt=-pass-through=-lgcc -plugin-opt=-pass-through=-lcygwin -plugin-opt=-pass-through=-ladvapi32 -plugin-opt=-pass-through=-lshell32 -plugin-opt=-pass-through=-luser32 -plugin-opt=-pass-through=-lkernel32 -plugin-opt=-pass-through=-lgcc_s -plugin-opt=-pass-through=-lgcc --build-id -m i386pep --wrap _Znwm --wrap _Znam --wrap _ZdlPv --wrap _ZdaPv --wrap _ZnwmRKSt9nothrow_t --wrap _ZnamRKSt9nothrow_t --wrap _ZdlPvRKSt9nothrow_t --wrap _ZdaPvRKSt9nothrow_t -Bdynamic --dll-search-prefix=cyg --tsaware -o cmTC_c2d48.exe /usr/lib/../lib/crt0.o /usr/lib/gcc/x86_64-pc-cygwin/5.3.0/crtbegin.o -L/usr/lib/gcc/x86_64-pc-cygwin/5.3.0 -L/usr/lib/gcc/x86_64-pc-cygwin/5.3.0/../../../../x86_64-pc-cygwin/lib/../lib -L/usr/lib/../lib -L/lib/../lib -L/usr/lib/gcc/x86_64-pc-cygwin/5.3.0/../../../../x86_64-pc-cygwin/lib -L/usr/lib/w32api --enable-auto-import CMakeFiles/cmTC_c2d48.dir/CMakeCCompilerABI.c.o --out-implib libcmTC_c2d48.dll.a --major-image-version 0 --minor-image-version 0 -lgcc_s -lgcc -lcygwin -ladvapi32 -lshell32 -luser32 -lkernel32 -lgcc_s -lgcc /usr/lib/../lib/default-manifest.o /usr/lib/gcc/x86_64-pc-cygwin/5.3.0/crtend.o
make[1]: Leaving directory '/cygdrive/e/cpuNaive/CMakeFiles/CMakeTmp'


Parsed C implicit link information from above output:
  link line regex: [^( *|.*[/\])(ld\.exe|([^/\]+-)?ld|collect2)[^/\]*( |$)]
  ignore line: [Change Dir: /cygdrive/e/cpuNaive/CMakeFiles/CMakeTmp]
  ignore line: []
  ignore line: [Run Build Command:"/usr/bin/make.exe" "cmTC_c2d48/fast"]
  ignore line: [/usr/bin/make -f CMakeFiles/cmTC_c2d48.dir/build.make CMakeFiles/cmTC_c2d48.dir/build]
  ignore line: [make[1]: Entering directory '/cygdrive/e/cpuNaive/CMakeFiles/CMakeTmp']
  ignore line: [Building C object CMakeFiles/cmTC_c2d48.dir/CMakeCCompilerABI.c.o]
  ignore line: [/usr/bin/cc    -o CMakeFiles/cmTC_c2d48.dir/CMakeCCompilerABI.c.o   -c /usr/share/cmake-3.3.2/Modules/CMakeCCompilerABI.c]
  ignore line: [Linking C executable cmTC_c2d48.exe]
  ignore line: [/usr/bin/cmake.exe -E cmake_link_script CMakeFiles/cmTC_c2d48.dir/link.txt --verbose=1]
  ignore line: [/usr/bin/cc     -Wl,--enable-auto-import -v CMakeFiles/cmTC_c2d48.dir/CMakeCCompilerABI.c.o  -o cmTC_c2d48.exe -Wl,--out-implib,libcmTC_c2d48.dll.a -Wl,--major-image-version,0,--minor-image-version,0   ]
  ignore line: [Using built-in specs.]
  ignore line: [COLLECT_GCC=/usr/bin/cc]
  ignore line: [COLLECT_LTO_WRAPPER=/usr/lib/gcc/x86_64-pc-cygwin/5.3.0/lto-wrapper.exe]
  ignore line: [Target: x86_64-pc-cygwin]
  ignore line: [Configured with: /cygdrive/i/szsz/tmpp/gcc/gcc-5.3.0-5.x86_64/src/gcc-5.3.0/configure --srcdir=/cygdrive/i/szsz/tmpp/gcc/gcc-5.3.0-5.x86_64/src/gcc-5.3.0 --prefix=/usr --exec-prefix=/usr --localstatedir=/var --sysconfdir=/etc --docdir=/usr/share/doc/gcc --htmldir=/usr/share/doc/gcc/html -C --build=x86_64-pc-cygwin --host=x86_64-pc-cygwin --target=x86_64-pc-cygwin --without-libiconv-prefix --without-libintl-prefix --libexecdir=/usr/lib --enable-shared --enable-shared-libgcc --enable-static --enable-version-specific-runtime-libs --enable-bootstrap --enable-__cxa_atexit --with-dwarf2 --with-tune=generic --enable-languages=ada,c,c++,fortran,lto,objc,obj-c++ --enable-graphite --enable-threads=posix --enable-libatomic --enable-libcilkrts --enable-libgomp --enable-libitm --enable-libquadmath --enable-libquadmath-support --enable-libssp --enable-libada --enable-libgcj-sublibs --disable-java-awt --disable-symvers --with-ecj-jar=/usr/share/java/ecj.jar --with-gnu-ld --with-gnu-as --with-cloog-include=/usr/include/cloog-isl --without-libiconv-prefix --without-libintl-prefix --with-system-zlib --enable-linker-build-id --with-default-libstdcxx-abi=gcc4-compatible]
  ignore line: [Thread model: posix]
  ignore line: [gcc version 5.3.0 (GCC) ]
  ignore line: [COMPILER_PATH=/usr/lib/gcc/x86_64-pc-cygwin/5.3.0/:/usr/lib/gcc/x86_64-pc-cygwin/5.3.0/:/usr/lib/gcc/x86_64-pc-cygwin/:/usr/lib/gcc/x86_64-pc-cygwin/5.3.0/:/usr/lib/gcc/x86_64-pc-cygwin/:/usr/lib/gcc/x86_64-pc-cygwin/5.3.0/../../../../x86_64-pc-cygwin/bin/]
  ignore line: [LIBRARY_PATH=/usr/lib/gcc/x86_64-pc-cygwin/5.3.0/:/usr/lib/gcc/x86_64-pc-cygwin/5.3.0/../../../../x86_64-pc-cygwin/lib/../lib/:/usr/lib/../lib/:/lib/../lib/:/usr/lib/gcc/x86_64-pc-cygwin/5.3.0/../../../../x86_64-pc-cygwin/lib/:/usr/lib/:/lib/:/usr/lib/w32api/]
  ignore line: [COLLECT_GCC_OPTIONS='-v' '-o' 'cmTC_c2d48.exe' '-mtune=generic' '-march=x86-64']
  link line: [ /usr/lib/gcc/x86_64-pc-cygwin/5.3.0/collect2.exe -plugin /usr/lib/gcc/x86_64-pc-cygwin/5.3.0/cyglto_plugin.dll -plugin-opt=/usr/lib/gcc/x86_64-pc-cygwin/5.3.0/lto-wrapper.exe -plugin-opt=-fresolution=/tmp/ccWPhugc.res -plugin-opt=-pass-through=-lgcc_s -plugin-opt=-pass-through=-lgcc -plugin-opt=-pass-through=-lcygwin -plugin-opt=-pass-through=-ladvapi32 -plugin-opt=-pass-through=-lshell32 -plugin-opt=-pass-through=-luser32 -plugin-opt=-pass-through=-lkernel32 -plugin-opt=-pass-through=-lgcc_s -plugin-opt=-pass-through=-lgcc --build-id -m i386pep --wrap _Znwm --wrap _Znam --wrap _ZdlPv --wrap _ZdaPv --wrap _ZnwmRKSt9nothrow_t --wrap _ZnamRKSt9nothrow_t --wrap _ZdlPvRKSt9nothrow_t --wrap _ZdaPvRKSt9nothrow_t -Bdynamic --dll-search-prefix=cyg --tsaware -o cmTC_c2d48.exe /usr/lib/../lib/crt0.o /usr/lib/gcc/x86_64-pc-cygwin/5.3.0/crtbegin.o -L/usr/lib/gcc/x86_64-pc-cygwin/5.3.0 -L/usr/lib/gcc/x86_64-pc-cygwin/5.3.0/../../../../x86_64-pc-cygwin/lib/../lib -L/usr/lib/../lib -L/lib/../lib -L/usr/lib/gcc/x86_64-pc-cygwin/5.3.0/../../../../x86_64-pc-cygwin/lib -L/usr/lib/w32api --enable-auto-import CMakeFiles/cmTC_c2d48.dir/CMakeCCompilerABI.c.o --out-implib libcmTC_c2d48.dll.a --major-image-version 0 --minor-image-version 0 -lgcc_s -lgcc -lcygwin -ladvapi32 -lshell32 -luser32 -lkernel32 -lgcc_s -lgcc /usr/lib/../lib/default-manifest.o /usr/lib/gcc/x86_64-pc-cygwin/5.3.0/crtend.o]
    arg [/usr/lib/gcc/x86_64-pc-cygwin/5.3.0/collect2.exe] ==> ignore
    arg [-plugin] ==> ignore
    arg [/usr/lib/gcc/x86_64-pc-cygwin/5.3.0/cyglto_plugin.dll] ==> ignore
    arg [-plugin-opt=/usr/lib/gcc/x86_64-pc-cygwin/5.3.0/lto-wrapper.exe] ==> ignore
    arg [-plugin-opt=-fresolution=/tmp/ccWPhugc.res] ==> ignore
    arg [-plugin-opt=-pass-through=-lgcc_s] ==> ignore
    arg [-plugin-opt=-pass-through=-lgcc] ==> ignore
    arg [-plugin-opt=-pass-through=-lcygwin] ==> ignore
    arg [-plugin-opt=-pass-through=-ladvapi32] ==> ignore
    arg [-plugin-opt=-pass-through=-lshell32] ==> ignore
    arg [-plugin-opt=-pass-through=-luser32] ==> ignore
    arg [-plugin-opt=-pass-through=-lkernel32] ==> ignore
    arg [-plugin-opt=-pass-through=-lgcc_s] ==> ignore
    arg [-plugin-opt=-pass-through=-lgcc] ==> ignore
    arg [--build-id] ==> ignore
    arg [-m] ==> ignore
    arg [i386pep] ==> ignore
    arg [--wrap] ==> ignore
    arg [_Znwm] ==> ignore
    arg [--wrap] ==> ignore
    arg [_Znam] ==> ignore
    arg [--wrap] ==> ignore
    arg [_ZdlPv] ==> ignore
    arg [--wrap] ==> ignore
    arg [_ZdaPv] ==> ignore
    arg [--wrap] ==> ignore
    arg [_ZnwmRKSt9nothrow_t] ==> ignore
    arg [--wrap] ==> ignore
    arg [_ZnamRKSt9nothrow_t] ==> ignore
    arg [--wrap] ==> ignore
    arg [_ZdlPvRKSt9nothrow_t] ==> ignore
    arg [--wrap] ==> ignore
    arg [_ZdaPvRKSt9nothrow_t] ==> ignore
    arg [-Bdynamic] ==> ignore
    arg [--dll-search-prefix=cyg] ==> ignore
    arg [--tsaware] ==> ignore
    arg [-o] ==> ignore
    arg [cmTC_c2d48.exe] ==> ignore
    arg [/usr/lib/../lib/crt0.o] ==> ignore
    arg [/usr/lib/gcc/x86_64-pc-cygwin/5.3.0/crtbegin.o] ==> ignore
    arg [-L/usr/lib/gcc/x86_64-pc-cygwin/5.3.0] ==> dir [/usr/lib/gcc/x86_64-pc-cygwin/5.3.0]
    arg [-L/usr/lib/gcc/x86_64-pc-cygwin/5.3.0/../../../../x86_64-pc-cygwin/lib/../lib] ==> dir [/usr/lib/gcc/x86_64-pc-cygwin/5.3.0/../../../../x86_64-pc-cygwin/lib/../lib]
    arg [-L/usr/lib/../lib] ==> dir [/usr/lib/../lib]
    arg [-L/lib/../lib] ==> dir [/lib/../lib]
    arg [-L/usr/lib/gcc/x86_64-pc-cygwin/5.3.0/../../../../x86_64-pc-cygwin/lib] ==> dir [/usr/lib/gcc/x86_64-pc-cygwin/5.3.0/../../../../x86_64-pc-cygwin/lib]
    arg [-L/usr/lib/w32api] ==> dir [/usr/lib/w32api]
    arg [--enable-auto-import] ==> ignore
    arg [CMakeFiles/cmTC_c2d48.dir/CMakeCCompilerABI.c.o] ==> ignore
    arg [--out-implib] ==> ignore
    arg [libcmTC_c2d48.dll.a] ==> ignore
    arg [--major-image-version] ==> ignore
    arg [0] ==> ignore
    arg [--minor-image-version] ==> ignore
    arg [0] ==> ignore
    arg [-lgcc_s] ==> lib [gcc_s]
    arg [-lgcc] ==> lib [gcc]
    arg [-lcygwin] ==> lib [cygwin]
    arg [-ladvapi32] ==> lib [advapi32]
    arg [-lshell32] ==> lib [shell32]
    arg [-luser32] ==> lib [user32]
    arg [-lkernel32] ==> lib [kernel32]
    arg [-lgcc_s] ==> lib [gcc_s]
    arg [-lgcc] ==> lib [gcc]
    arg [/usr/lib/../lib/default-manifest.o] ==> ignore
    arg [/usr/lib/gcc/x86_64-pc-cygwin/5.3.0/crtend.o] ==> ignore
  remove lib [gcc_s]
  remove lib [gcc]
  remove lib [gcc_s]
  remove lib [gcc]
  collapse library dir [/usr/lib/gcc/x86_64-pc-cygwin/5.3.0] ==> [/usr/lib/gcc/x86_64-pc-cygwin/5.3.0]
  collapse library dir [/usr/lib/gcc/x86_64-pc-cygwin/5.3.0/../../../../x86_64-pc-cygwin/lib/../lib] ==> [/usr/x86_64-pc-cygwin/lib]
  collapse library dir [/usr/lib/../lib] ==> [/usr/lib]
  collapse library dir [/lib/../lib] ==> [/lib]
  collapse library dir [/usr/lib/gcc/x86_64-pc-cygwin/5.3.0/../../../../x86_64-pc-cygwin/lib] ==> [/usr/x86_64-pc-cygwin/lib]
  collapse library dir [/usr/lib/w32api] ==> [/usr/lib/w32api]
  implicit libs: [cygwin;advapi32;shell32;user32;kernel32]
  implicit dirs: [/usr/lib/gcc/x86_64-pc-cygwin/5.3.0;/usr/x86_64-pc-cygwin/lib;/usr/lib;/lib;/usr/lib/w32api]
  implicit fwks: []




Detecting C [-std=c11] compiler features compiled with the following output:
Change Dir: /cygdrive/e/cpuNaive/CMakeFiles/CMakeTmp

Run Build Command:"/usr/bin/make.exe" "cmTC_7bb23/fast"
/usr/bin/make -f CMakeFiles/cmTC_7bb23.dir/build.make CMakeFiles/cmTC_7bb23.dir/build
make[1]: Entering directory '/cygdrive/e/cpuNaive/CMakeFiles/CMakeTmp'
Building C object CMakeFiles/cmTC_7bb23.dir/feature_tests.c.o
/usr/bin/cc   -std=c11 -o CMakeFiles/cmTC_7bb23.dir/feature_tests.c.o   -c /cygdrive/e/cpuNaive/CMakeFiles/feature_tests.c
Linking C executable cmTC_7bb23.exe
/usr/bin/cmake.exe -E cmake_link_script CMakeFiles/cmTC_7bb23.dir/link.txt --verbose=1
/usr/bin/cc     -Wl,--enable-auto-import  CMakeFiles/cmTC_7bb23.dir/feature_tests.c.o  -o cmTC_7bb23.exe -Wl,--out-implib,libcmTC_7bb23.dll.a -Wl,--major-image-version,0,--minor-image-version,0  
make[1]: Leaving directory '/cygdrive/e/cpuNaive/CMakeFiles/CMakeTmp'


    Feature record: C_FEATURE:1c_function_prototypes
    Feature record: C_FEATURE:1c_restrict
    Feature record: C_FEATURE:1c_static_assert
    Feature record: C_FEATURE:1c_variadic_macros


Detecting C [-std=c99] compiler features compiled with the following output:
Change Dir: /cygdrive/e/cpuNaive/CMakeFiles/CMakeTmp

Run Build Command:"/usr/bin/make.exe" "cmTC_60845/fast"
/usr/bin/make -f CMakeFiles/cmTC_60845.dir/build.make CMakeFiles/cmTC_60845.dir/build
make[1]: Entering directory '/cygdrive/e/cpuNaive/CMakeFiles/CMakeTmp'
Building C object CMakeFiles/cmTC_60845.dir/feature_tests.c.o
/usr/bin/cc   -std=c99 -o CMakeFiles/cmTC_60845.dir/feature_tests.c.o   -c /cygdrive/e/cpuNaive/CMakeFiles/feature_tests.c
Linking C executable cmTC_60845.exe
/usr/bin/cmake.exe -E cmake_link_script CMakeFiles/cmTC_60845.dir/link.txt --verbose=1
/usr/bin/cc     -Wl,--enable-auto-import  CMakeFiles/cmTC_60845.dir/feature_tests.c.o  -o cmTC_60845.exe -Wl,--out-implib,libcmTC_60845.dll.a -Wl,--major-image-version,0,--minor-image-version,0  
make[1]: Leaving directory '/cygdrive/e/cpuNaive/CMakeFiles/CMakeTmp'


    Feature record: C_FEATURE:1c_function_prototypes
    Feature record: C_FEATURE:1c_restrict
    Feature record: C_FEATURE:0c_static_assert
    Feature record: C_FEATURE:1c_variadic_macros


Detecting C [-std=c90] compiler features compiled with the following output:
Change Dir: /cygdrive/e/cpuNaive/CMakeFiles/CMakeTmp

Run Build Command:"/usr/bin/make.exe" "cmTC_087a9/fast"
/usr/bin/make -f CMakeFiles/cmTC_087a9.dir/build.make CMakeFiles/cmTC_087a9.dir/build
make[1]: Entering directory '/cygdrive/e/cpuNaive/CMakeFiles/CMakeTmp'
Building C object CMakeFiles/cmTC_087a9.dir/feature_tests.c.o
/usr/bin/cc   -std=c90 -o CMakeFiles/cmTC_087a9.dir/feature_tests.c.o   -c /cygdrive/e/cpuNaive/CMakeFiles/feature_tests.c
Linking C executable cmTC_087a9.exe
/usr/bin/cmake.exe -E cmake_link_script CMakeFiles/cmTC_087a9.dir/link.txt --verbose=1
/usr/bin/cc     -Wl,--enable-auto-import  CMakeFiles/cmTC_087a9.dir/feature_tests.c.o  -o cmTC_087a9.exe -Wl,--out-implib,libcmTC_087a9.dll.a -Wl,--major-image-version,0,--minor-image-version,0  
make[1]: Leaving directory '/cygdrive/e/cpuNaive/CMakeFiles/CMakeTmp'


    Feature record: C_FEATURE:1c_function_prototypes
    Feature record: C_FEATURE:0c_restrict
    Feature record: C_FEATURE:0c_static_assert
    Feature record: C_FEATURE:0c_variadic_macros
Determining if the CXX compiler works passed with the following output:
Change Dir: /cygdrive/e/cpuNaive/CMakeFiles/CMakeTmp

Run Build Command:"/usr/bin/make.exe" "cmTC_1caa4/fast"
/usr/bin/make -f CMakeFiles/cmTC_1caa4.dir/build.make CMakeFiles/cmTC_1caa4.dir/build
make[1]: Entering directory '/cygdrive/e/cpuNaive/CMakeFiles/CMakeTmp'
Building CXX object CMakeFiles/cmTC_1caa4.dir/testCXXCompiler.cxx.o
/usr/bin/c++.exe     -o CMakeFiles/cmTC_1caa4.dir/testCXXCompiler.cxx.o -c /cygdrive/e/cpuNaive/CMakeFiles/CMakeTmp/testCXXCompiler.cxx
Linking CXX executable cmTC_1caa4.exe
/usr/bin/cmake.exe -E cmake_link_script CMakeFiles/cmTC_1caa4.dir/link.txt --verbose=1
/usr/bin/c++.exe     -Wl,--enable-auto-import  CMakeFiles/cmTC_1caa4.dir/testCXXCompiler.cxx.o  -o cmTC_1caa4.exe -Wl,--out-implib,libcmTC_1caa4.dll.a -Wl,--major-image-version,0,--minor-image-version,0  
make[1]: Leaving directory '/cygdrive/e/cpuNaive/CMakeFiles/CMakeTmp'


Detecting CXX compiler ABI info compiled with the following output:
Change Dir: /cygdrive/e/cpuNaive/CMakeFiles/CMakeTmp

Run Build Command:"/usr/bin/make.exe" "cmTC_7e92a/fast"
/usr/bin/make -f CMakeFiles/cmTC_7e92a.dir/build.make CMakeFiles/cmTC_7e92a.dir/build
make[1]: Entering directory '/cygdrive/e/cpuNaive/CMakeFiles/CMakeTmp'
Building CXX object CMakeFiles/cmTC_7e92a.dir/CMakeCXXCompilerABI.cpp.o
/usr/bin/c++.exe     -o CMakeFiles/cmTC_7e92a.dir/CMakeCXXCompilerABI.cpp.o -c /usr/share/cmake-3.3.2/Modules/CMakeCXXCompilerABI.cpp
Linking CXX executable cmTC_7e92a.exe
/usr/bin/cmake.exe -E cmake_link_script CMakeFiles/cmTC_7e92a.dir/link.txt --verbose=1
/usr/bin/c++.exe     -Wl,--enable-auto-import -v CMakeFiles/cmTC_7e92a.dir/CMakeCXXCompilerABI.cpp.o  -o cmTC_7e92a.exe -Wl,--out-implib,libcmTC_7e92a.dll.a -Wl,--major-image-version,0,--minor-image-version,0   
Using built-in specs.
COLLECT_GCC=/usr/bin/c++
COLLECT_LTO_WRAPPER=/usr/lib/gcc/x86_64-pc-cygwin/5.3.0/lto-wrapper.exe
Target: x86_64-pc-cygwin
Configured with: /cygdrive/i/szsz/tmpp/gcc/gcc-5.3.0-5.x86_64/src/gcc-5.3.0/configure --srcdir=/cygdrive/i/szsz/tmpp/gcc/gcc-5.3.0-5.x86_64/src/gcc-5.3.0 --prefix=/usr --exec-prefix=/usr --localstatedir=/var --sysconfdir=/etc --docdir=/usr/share/doc/gcc --htmldir=/usr/share/doc/gcc/html -C --build=x86_64-pc-cygwin --host=x86_64-pc-cygwin --target=x86_64-pc-cygwin --without-libiconv-prefix --without-libintl-prefix --libexecdir=/usr/lib --enable-shared --enable-shared-libgcc --enable-static --enable-version-specific-runtime-libs --enable-bootstrap --enable-__cxa_atexit --with-dwarf2 --with-tune=generic --enable-languages=ada,c,c++,fortran,lto,objc,obj-c++ --enable-graphite --enable-threads=posix --enable-libatomic --enable-libcilkrts --enable-libgomp --enable-libitm --enable-libquadmath --enable-libquadmath-support --enable-libssp --enable-libada --enable-libgcj-sublibs --disable-java-awt --disable-symvers --with-ecj-jar=/usr/share/java/ecj.jar --with-gnu-ld --with-gnu-as --with-cloog-include=/usr/include/cloog-isl --without-libiconv-prefix --without-libintl-prefix --with-system-zlib --enable-linker-build-id --with-default-libstdcxx-abi=gcc4-compatible
Thread model: posix
gcc version 5.3.0 (GCC) 
COMPILER_PATH=/usr/lib/gcc/x86_64-pc-cygwin/5.3.0/:/usr/lib/gcc/x86_64-pc-cygwin/5.3.0/:/usr/lib/gcc/x86_64-pc-cygwin/:/usr/lib/gcc/x86_64-pc-cygwin/5.3.0/:/usr/lib/gcc/x86_64-pc-cygwin/:/usr/lib/gcc/x86_64-pc-cygwin/5.3.0/../../../../x86_64-pc-cygwin/bin/
LIBRARY_PATH=/usr/lib/gcc/x86_64-pc-cygwin/5.3.0/:/usr/lib/gcc/x86_64-pc-cygwin/5.3.0/../../../../x86_64-pc-cygwin/lib/../lib/:/usr/lib/../lib/:/lib/../lib/:/usr/lib/gcc/x86_64-pc-cygwin/5.3.0/../../../../x86_64-pc-cygwin/lib/:/usr/lib/:/lib/:/usr/lib/w32api/
COLLECT_GCC_OPTIONS='-v' '-o' 'cmTC_7e92a.exe' '-shared-libgcc' '-mtune=generic' '-march=x86-64'
 /usr/lib/gcc/x86_64-pc-cygwin/5.3.0/collect2.exe -plugin /usr/lib/gcc/x86_64-pc-cygwin/5.3.0/cyglto_plugin.dll -plugin-opt=/usr/lib/gcc/x86_64-pc-cygwin/5.3.0/lto-wrapper.exe -plugin-opt=-fresolution=/tmp/ccDyTNMJ.res -plugin-opt=-pass-through=-lgcc_s -plugin-opt=-pass-through=-lgcc -plugin-opt=-pass-through=-lcygwin -plugin-opt=-pass-through=-ladvapi32 -plugin-opt=-pass-through=-lshell32 -plugin-opt=-pass-through=-luser32 -plugin-opt=-pass-through=-lkernel32 -plugin-opt=-pass-through=-lgcc_s -plugin-opt=-pass-through=-lgcc --build-id -m i386pep --wrap _Znwm --wrap _Znam --wrap _ZdlPv --wrap _ZdaPv --wrap _ZnwmRKSt9nothrow_t --wrap _ZnamRKSt9nothrow_t --wrap _ZdlPvRKSt9nothrow_t --wrap _ZdaPvRKSt9nothrow_t -Bdynamic --dll-search-prefix=cyg --tsaware -o cmTC_7e92a.exe /usr/lib/../lib/crt0.o /usr/lib/gcc/x86_64-pc-cygwin/5.3.0/crtbegin.o -L/usr/lib/gcc/x86_64-pc-cygwin/5.3.0 -L/usr/lib/gcc/x86_64-pc-cygwin/5.3.0/../../../../x86_64-pc-cygwin/lib/../lib -L/usr/lib/../lib -L/lib/../lib -L/usr/lib/gcc/x86_64-pc-cygwin/5.3.0/../../../../x86_64-pc-cygwin/lib -L/usr/lib/w32api --enable-auto-import CMakeFiles/cmTC_7e92a.dir/CMakeCXXCompilerABI.cpp.o --out-implib libcmTC_7e92a.dll.a --major-image-version 0 --minor-image-version 0 -lstdc++ -lgcc_s -lgcc -lcygwin -ladvapi32 -lshell32 -luser32 -lkernel32 -lgcc_s -lgcc /usr/lib/../lib/default-manifest.o /usr/lib/gcc/x86_64-pc-cygwin/5.3.0/crtend.o
make[1]: Leaving directory '/cygdrive/e/cpuNaive/CMakeFiles/CMakeTmp'


Parsed CXX implicit link information from above output:
  link line regex: [^( *|.*[/\])(ld\.exe|([^/\]+-)?ld|collect2)[^/\]*( |$)]
  ignore line: [Change Dir: /cygdrive/e/cpuNaive/CMakeFiles/CMakeTmp]
  ignore line: []
  ignore line: [Run Build Command:"/usr/bin/make.exe" "cmTC_7e92a/fast"]
  ignore line: [/usr/bin/make -f CMakeFiles/cmTC_7e92a.dir/build.make CMakeFiles/cmTC_7e92a.dir/build]
  ignore line: [make[1]: Entering directory '/cygdrive/e/cpuNaive/CMakeFiles/CMakeTmp']
  ignore line: [Building CXX object CMakeFiles/cmTC_7e92a.dir/CMakeCXXCompilerABI.cpp.o]
  ignore line: [/usr/bin/c++.exe     -o CMakeFiles/cmTC_7e92a.dir/CMakeCXXCompilerABI.cpp.o -c /usr/share/cmake-3.3.2/Modules/CMakeCXXCompilerABI.cpp]
  ignore line: [Linking CXX executable cmTC_7e92a.exe]
  ignore line: [/usr/bin/cmake.exe -E cmake_link_script CMakeFiles/cmTC_7e92a.dir/link.txt --verbose=1]
  ignore line: [/usr/bin/c++.exe     -Wl,--enable-auto-import -v CMakeFiles/cmTC_7e92a.dir/CMakeCXXCompilerABI.cpp.o  -o cmTC_7e92a.exe -Wl,--out-implib,libcmTC_7e92a.dll.a -Wl,--major-image-version,0,--minor-image-version,0   ]
  ignore line: [Using built-in specs.]
  ignore line: [COLLECT_GCC=/usr/bin/c++]
  ignore line: [COLLECT_LTO_WRAPPER=/usr/lib/gcc/x86_64-pc-cygwin/5.3.0/lto-wrapper.exe]
  ignore line: [Target: x86_64-pc-cygwin]
  ignore line: [Configured with: /cygdrive/i/szsz/tmpp/gcc/gcc-5.3.0-5.x86_64/src/gcc-5.3.0/configure --srcdir=/cygdrive/i/szsz/tmpp/gcc/gcc-5.3.0-5.x86_64/src/gcc-5.3.0 --prefix=/usr --exec-prefix=/usr --localstatedir=/var --sysconfdir=/etc --docdir=/usr/share/doc/gcc --htmldir=/usr/share/doc/gcc/html -C --build=x86_64-pc-cygwin --host=x86_64-pc-cygwin --target=x86_64-pc-cygwin --without-libiconv-prefix --without-libintl-prefix --libexecdir=/usr/lib --enable-shared --enable-shared-libgcc --enable-static --enable-version-specific-runtime-libs --enable-bootstrap --enable-__cxa_atexit --with-dwarf2 --with-tune=generic --enable-languages=ada,c,c++,fortran,lto,objc,obj-c++ --enable-graphite --enable-threads=posix --enable-libatomic --enable-libcilkrts --enable-libgomp --enable-libitm --enable-libquadmath --enable-libquadmath-support --enable-libssp --enable-libada --enable-libgcj-sublibs --disable-java-awt --disable-symvers --with-ecj-jar=/usr/share/java/ecj.jar --with-gnu-ld --with-gnu-as --with-cloog-include=/usr/include/cloog-isl --without-libiconv-prefix --without-libintl-prefix --with-system-zlib --enable-linker-build-id --with-default-libstdcxx-abi=gcc4-compatible]
  ignore line: [Thread model: posix]
  ignore line: [gcc version 5.3.0 (GCC) ]
  ignore line: [COMPILER_PATH=/usr/lib/gcc/x86_64-pc-cygwin/5.3.0/:/usr/lib/gcc/x86_64-pc-cygwin/5.3.0/:/usr/lib/gcc/x86_64-pc-cygwin/:/usr/lib/gcc/x86_64-pc-cygwin/5.3.0/:/usr/lib/gcc/x86_64-pc-cygwin/:/usr/lib/gcc/x86_64-pc-cygwin/5.3.0/../../../../x86_64-pc-cygwin/bin/]
  ignore line: [LIBRARY_PATH=/usr/lib/gcc/x86_64-pc-cygwin/5.3.0/:/usr/lib/gcc/x86_64-pc-cygwin/5.3.0/../../../../x86_64-pc-cygwin/lib/../lib/:/usr/lib/../lib/:/lib/../lib/:/usr/lib/gcc/x86_64-pc-cygwin/5.3.0/../../../../x86_64-pc-cygwin/lib/:/usr/lib/:/lib/:/usr/lib/w32api/]
  ignore line: [COLLECT_GCC_OPTIONS='-v' '-o' 'cmTC_7e92a.exe' '-shared-libgcc' '-mtune=generic' '-march=x86-64']
  link line: [ /usr/lib/gcc/x86_64-pc-cygwin/5.3.0/collect2.exe -plugin /usr/lib/gcc/x86_64-pc-cygwin/5.3.0/cyglto_plugin.dll -plugin-opt=/usr/lib/gcc/x86_64-pc-cygwin/5.3.0/lto-wrapper.exe -plugin-opt=-fresolution=/tmp/ccDyTNMJ.res -plugin-opt=-pass-through=-lgcc_s -plugin-opt=-pass-through=-lgcc -plugin-opt=-pass-through=-lcygwin -plugin-opt=-pass-through=-ladvapi32 -plugin-opt=-pass-through=-lshell32 -plugin-opt=-pass-through=-luser32 -plugin-opt=-pass-through=-lkernel32 -plugin-opt=-pass-through=-lgcc_s -plugin-opt=-pass-through=-lgcc --build-id -m i386pep --wrap _Znwm --wrap _Znam --wrap _ZdlPv --wrap _ZdaPv --wrap _ZnwmRKSt9nothrow_t --wrap _ZnamRKSt9nothrow_t --wrap _ZdlPvRKSt9nothrow_t --wrap _ZdaPvRKSt9nothrow_t -Bdynamic --dll-search-prefix=cyg --tsaware -o cmTC_7e92a.exe /usr/lib/../lib/crt0.o /usr/lib/gcc/x86_64-pc-cygwin/5.3.0/crtbegin.o -L/usr/lib/gcc/x86_64-pc-cygwin/5.3.0 -L/usr/lib/gcc/x86_64-pc-cygwin/5.3.0/../../../../x86_64-pc-cygwin/lib/../lib -L/usr/lib/../lib -L/lib/../lib -L/usr/lib/gcc/x86_64-pc-cygwin/5.3.0/../../../../x86_64-pc-cygwin/lib -L/usr/lib/w32api --enable-auto-import CMakeFiles/cmTC_7e92a.dir/CMakeCXXCompilerABI.cpp.o --out-implib libcmTC_7e92a.dll.a --major-image-version 0 --minor-image-version 0 -lstdc++ -lgcc_s -lgcc -lcygwin -ladvapi32 -lshell32 -luser32 -lkernel32 -lgcc_s -lgcc /usr/lib/../lib/default-manifest.o /usr/lib/gcc/x86_64-pc-cygwin/5.3.0/crtend.o]
    arg [/usr/lib/gcc/x86_64-pc-cygwin/5.3.0/collect2.exe] ==> ignore
    arg [-plugin] ==> ignore
    arg [/usr/lib/gcc/x86_64-pc-cygwin/5.3.0/cyglto_plugin.dll] ==> ignore
    arg [-plugin-opt=/usr/lib/gcc/x86_64-pc-cygwin/5.3.0/lto-wrapper.exe] ==> ignore
    arg [-plugin-opt=-fresolution=/tmp/ccDyTNMJ.res] ==> ignore
    arg [-plugin-opt=-pass-through=-lgcc_s] ==> ignore
    arg [-plugin-opt=-pass-through=-lgcc] ==> ignore
    arg [-plugin-opt=-pass-through=-lcygwin] ==> ignore
    arg [-plugin-opt=-pass-through=-ladvapi32] ==> ignore
    arg [-plugin-opt=-pass-through=-lshell32] ==> ignore
    arg [-plugin-opt=-pass-through=-luser32] ==> ignore
    arg [-plugin-opt=-pass-through=-lkernel32] ==> ignore
    arg [-plugin-opt=-pass-through=-lgcc_s] ==> ignore
    arg [-plugin-opt=-pass-through=-lgcc] ==> ignore
    arg [--build-id] ==> ignore
    arg [-m] ==> ignore
    arg [i386pep] ==> ignore
    arg [--wrap] ==> ignore
    arg [_Znwm] ==> ignore
    arg [--wrap] ==> ignore
    arg [_Znam] ==> ignore
    arg [--wrap] ==> ignore
    arg [_ZdlPv] ==> ignore
    arg [--wrap] ==> ignore
    arg [_ZdaPv] ==> ignore
    arg [--wrap] ==> ignore
    arg [_ZnwmRKSt9nothrow_t] ==> ignore
    arg [--wrap] ==> ignore
    arg [_ZnamRKSt9nothrow_t] ==> ignore
    arg [--wrap] ==> ignore
    arg [_ZdlPvRKSt9nothrow_t] ==> ignore
    arg [--wrap] ==> ignore
    arg [_ZdaPvRKSt9nothrow_t] ==> ignore
    arg [-Bdynamic] ==> ignore
    arg [--dll-search-prefix=cyg] ==> ignore
    arg [--tsaware] ==> ignore
    arg [-o] ==> ignore
    arg [cmTC_7e92a.exe] ==> ignore
    arg [/usr/lib/../lib/crt0.o] ==> ignore
    arg [/usr/lib/gcc/x86_64-pc-cygwin/5.3.0/crtbegin.o] ==> ignore
    arg [-L/usr/lib/gcc/x86_64-pc-cygwin/5.3.0] ==> dir [/usr/lib/gcc/x86_64-pc-cygwin/5.3.0]
    arg [-L/usr/lib/gcc/x86_64-pc-cygwin/5.3.0/../../../../x86_64-pc-cygwin/lib/../lib] ==> dir [/usr/lib/gcc/x86_64-pc-cygwin/5.3.0/../../../../x86_64-pc-cygwin/lib/../lib]
    arg [-L/usr/lib/../lib] ==> dir [/usr/lib/../lib]
    arg [-L/lib/../lib] ==> dir [/lib/../lib]
    arg [-L/usr/lib/gcc/x86_64-pc-cygwin/5.3.0/../../../../x86_64-pc-cygwin/lib] ==> dir [/usr/lib/gcc/x86_64-pc-cygwin/5.3.0/../../../../x86_64-pc-cygwin/lib]
    arg [-L/usr/lib/w32api] ==> dir [/usr/lib/w32api]
    arg [--enable-auto-import] ==> ignore
    arg [CMakeFiles/cmTC_7e92a.dir/CMakeCXXCompilerABI.cpp.o] ==> ignore
    arg [--out-implib] ==> ignore
    arg [libcmTC_7e92a.dll.a] ==> ignore
    arg [--major-image-version] ==> ignore
    arg [0] ==> ignore
    arg [--minor-image-version] ==> ignore
    arg [0] ==> ignore
    arg [-lstdc++] ==> lib [stdc++]
    arg [-lgcc_s] ==> lib [gcc_s]
    arg [-lgcc] ==> lib [gcc]
    arg [-lcygwin] ==> lib [cygwin]
    arg [-ladvapi32] ==> lib [advapi32]
    arg [-lshell32] ==> lib [shell32]
    arg [-luser32] ==> lib [user32]
    arg [-lkernel32] ==> lib [kernel32]
    arg [-lgcc_s] ==> lib [gcc_s]
    arg [-lgcc] ==> lib [gcc]
    arg [/usr/lib/../lib/default-manifest.o] ==> ignore
    arg [/usr/lib/gcc/x86_64-pc-cygwin/5.3.0/crtend.o] ==> ignore
  remove lib [gcc_s]
  remove lib [gcc]
  remove lib [gcc_s]
  remove lib [gcc]
  collapse library dir [/usr/lib/gcc/x86_64-pc-cygwin/5.3.0] ==> [/usr/lib/gcc/x86_64-pc-cygwin/5.3.0]
  collapse library dir [/usr/lib/gcc/x86_64-pc-cygwin/5.3.0/../../../../x86_64-pc-cygwin/lib/../lib] ==> [/usr/x86_64-pc-cygwin/lib]
  collapse library dir [/usr/lib/../lib] ==> [/usr/lib]
  collapse library dir [/lib/../lib] ==> [/lib]
  collapse library dir [/usr/lib/gcc/x86_64-pc-cygwin/5.3.0/../../../../x86_64-pc-cygwin/lib] ==> [/usr/x86_64-pc-cygwin/lib]
  collapse library dir [/usr/lib/w32api] ==> [/usr/lib/w32api]
  implicit libs: [stdc++;cygwin;advapi32;shell32;user32;kernel32]
  implicit dirs: [/usr/lib/gcc/x86_64-pc-cygwin/5.3.0;/usr/x86_64-pc-cygwin/lib;/usr/lib;/lib;/usr/lib/w32api]
  implicit fwks: []




Detecting CXX [-std=c++14] compiler features compiled with the following output:
Change Dir: /cygdrive/e/cpuNaive/CMakeFiles/CMakeTmp

Run Build Command:"/usr/bin/make.exe" "cmTC_92d7c/fast"
/usr/bin/make -f CMakeFiles/cmTC_92d7c.dir/build.make CMakeFiles/cmTC_92d7c.dir/build
make[1]: Entering directory '/cygdrive/e/cpuNaive/CMakeFiles/CMakeTmp'
Building CXX object CMakeFiles/cmTC_92d7c.dir/feature_tests.cxx.o
/usr/bin/c++.exe    -std=c++14 -o CMakeFiles/cmTC_92d7c.dir/feature_tests.cxx.o -c /cygdrive/e/cpuNaive/CMakeFiles/feature_tests.cxx
Linking CXX executable cmTC_92d7c.exe
/usr/bin/cmake.exe -E cmake_link_script CMakeFiles/cmTC_92d7c.dir/link.txt --verbose=1
/usr/bin/c++.exe     -Wl,--enable-auto-import  CMakeFiles/cmTC_92d7c.dir/feature_tests.cxx.o  -o cmTC_92d7c.exe -Wl,--out-implib,libcmTC_92d7c.dll.a -Wl,--major-image-version,0,--minor-image-version,0  
make[1]: Leaving directory '/cygdrive/e/cpuNaive/CMakeFiles/CMakeTmp'


    Feature record: CXX_FEATURE:1cxx_aggregate_default_initializers
    Feature record: CXX_FEATURE:1cxx_alias_templates
    Feature record: CXX_FEATURE:1cxx_alignas
    Feature record: CXX_FEATURE:1cxx_alignof
    Feature record: CXX_FEATURE:1cxx_attributes
    Feature record: CXX_FEATURE:1cxx_attribute_deprecated
    Feature record: CXX_FEATURE:1cxx_auto_type
    Feature record: CXX_FEATURE:1cxx_binary_literals
    Feature record: CXX_FEATURE:1cxx_constexpr
    Feature record: CXX_FEATURE:1cxx_contextual_conversions
    Feature record: CXX_FEATURE:1cxx_decltype
    Feature record: CXX_FEATURE:1cxx_decltype_auto
    Feature record: CXX_FEATURE:1cxx_decltype_incomplete_return_types
    Feature record: CXX_FEATURE:1cxx_default_function_template_args
    Feature record: CXX_FEATURE:1cxx_defaulted_functions
    Feature record: CXX_FEATURE:1cxx_defaulted_move_initializers
    Feature record: CXX_FEATURE:1cxx_delegating_constructors
    Feature record: CXX_FEATURE:1cxx_deleted_functions
    Feature record: CXX_FEATURE:1cxx_digit_separators
    Feature record: CXX_FEATURE:1cxx_enum_forward_declarations
    Feature record: CXX_FEATURE:1cxx_explicit_conversions
    Feature record: CXX_FEATURE:1cxx_extended_friend_declarations
    Feature record: CXX_FEATURE:1cxx_extern_templates
    Feature record: CXX_FEATURE:1cxx_final
    Feature record: CXX_FEATURE:1cxx_func_identifier
    Feature record: CXX_FEATURE:1cxx_generalized_initializers
    Feature record: CXX_FEATURE:1cxx_generic_lambdas
    Feature record: CXX_FEATURE:1cxx_inheriting_constructors
    Feature record: CXX_FEATURE:1cxx_inline_namespaces
    Feature record: CXX_FEATURE:1cxx_lambdas
    Feature record: CXX_FEATURE:1cxx_lambda_init_captures
    Feature record: CXX_FEATURE:1cxx_local_type_template_args
    Feature record: CXX_FEATURE:1cxx_long_long_type
    Feature record: CXX_FEATURE:1cxx_noexcept
    Feature record: CXX_FEATURE:1cxx_nonstatic_member_init
    Feature record: CXX_FEATURE:1cxx_nullptr
    Feature record: CXX_FEATURE:1cxx_override
    Feature record: CXX_FEATURE:1cxx_range_for
    Feature record: CXX_FEATURE:1cxx_raw_string_literals
    Feature record: CXX_FEATURE:1cxx_reference_qualified_functions
    Feature record: CXX_FEATURE:1cxx_relaxed_constexpr
    Feature record: CXX_FEATURE:1cxx_return_type_deduction
    Feature record: CXX_FEATURE:1cxx_right_angle_brackets
    Feature record: CXX_FEATURE:1cxx_rvalue_references
    Feature record: CXX_FEATURE:1cxx_sizeof_member
    Feature record: CXX_FEATURE:1cxx_static_assert
    Feature record: CXX_FEATURE:1cxx_strong_enums
    Feature record: CXX_FEATURE:1cxx_template_template_parameters
    Feature record: CXX_FEATURE:1cxx_thread_local
    Feature record: CXX_FEATURE:1cxx_trailing_return_types
    Feature record: CXX_FEATURE:1cxx_unicode_literals
    Feature record: CXX_FEATURE:1cxx_uniform_initialization
    Feature record: CXX_FEATURE:1cxx_unrestricted_unions
    Feature record: CXX_FEATURE:1cxx_user_literals
    Feature record: CXX_FEATURE:1cxx_variable_templates
    Feature record: CXX_FEATURE:1cxx_variadic_macros
    Feature record: CXX_FEATURE:1cxx_variadic_templates


Detecting CXX [-std=c++11] compiler features compiled with the following output:
Change Dir: /cygdrive/e/cpuNaive/CMakeFiles/CMakeTmp

Run Build Command:"/usr/bin/make.exe" "cmTC_d35b4/fast"
/usr/bin/make -f CMakeFiles/cmTC_d35b4.dir/build.make CMakeFiles/cmTC_d35b4.dir/build
make[1]: Entering directory '/cygdrive/e/cpuNaive/CMakeFiles/CMakeTmp'
Building CXX object CMakeFiles/cmTC_d35b4.dir/feature_tests.cxx.o
/usr/bin/c++.exe    -std=c++11 -o CMakeFiles/cmTC_d35b4.dir/feature_tests.cxx.o -c /cygdrive/e/cpuNaive/CMakeFiles/feature_tests.cxx
Linking CXX executable cmTC_d35b4.exe
/usr/bin/cmake.exe -E cmake_link_script CMakeFiles/cmTC_d35b4.dir/link.txt --verbose=1
/usr/bin/c++.exe     -Wl,--enable-auto-import  CMakeFiles/cmTC_d35b4.dir/feature_tests.cxx.o  -o cmTC_d35b4.exe -Wl,--out-implib,libcmTC_d35b4.dll.a -Wl,--major-image-version,0,--minor-image-version,0  
make[1]: Leaving directory '/cygdrive/e/cpuNaive/CMakeFiles/CMakeTmp'


    Feature record: CXX_FEATURE:0cxx_aggregate_default_initializers
    Feature record: CXX_FEATURE:1cxx_alias_templates
    Feature record: CXX_FEATURE:1cxx_alignas
    Feature record: CXX_FEATURE:1cxx_alignof
    Feature record: CXX_FEATURE:1cxx_attributes
    Feature record: CXX_FEATURE:0cxx_attribute_deprecated
    Feature record: CXX_FEATURE:1cxx_auto_type
    Feature record: CXX_FEATURE:0cxx_binary_literals
    Feature record: CXX_FEATURE:1cxx_constexpr
    Feature record: CXX_FEATURE:0cxx_contextual_conversions
    Feature record: CXX_FEATURE:1cxx_decltype
    Feature record: CXX_FEATURE:0cxx_decltype_auto
    Feature record: CXX_FEATURE:1cxx_decltype_incomplete_return_types
    Feature record: CXX_FEATURE:1cxx_default_function_template_args
    Feature record: CXX_FEATURE:1cxx_defaulted_functions
    Feature record: CXX_FEATURE:1cxx_defaulted_move_initializers
    Feature record: CXX_FEATURE:1cxx_delegating_constructors
    Feature record: CXX_FEATURE:1cxx_deleted_functions
    Feature record: CXX_FEATURE:0cxx_digit_separators
    Feature record: CXX_FEATURE:1cxx_enum_forward_declarations
    Feature record: CXX_FEATURE:1cxx_explicit_conversions
    Feature record: CXX_FEATURE:1cxx_extended_friend_declarations
    Feature record: CXX_FEATURE:1cxx_extern_templates
    Feature record: CXX_FEATURE:1cxx_final
    Feature record: CXX_FEATURE:1cxx_func_identifier
    Feature record: CXX_FEATURE:1cxx_generalized_initializers
    Feature record: CXX_FEATURE:0cxx_generic_lambdas
    Feature record: CXX_FEATURE:1cxx_inheriting_constructors
    Feature record: CXX_FEATURE:1cxx_inline_namespaces
    Feature record: CXX_FEATURE:1cxx_lambdas
    Feature record: CXX_FEATURE:0cxx_lambda_init_captures
    Feature record: CXX_FEATURE:1cxx_local_type_template_args
    Feature record: CXX_FEATURE:1cxx_long_long_type
    Feature record: CXX_FEATURE:1cxx_noexcept
    Feature record: CXX_FEATURE:1cxx_nonstatic_member_init
    Feature record: CXX_FEATURE:1cxx_nullptr
    Feature record: CXX_FEATURE:1cxx_override
    Feature record: CXX_FEATURE:1cxx_range_for
    Feature record: CXX_FEATURE:1cxx_raw_string_literals
    Feature record: CXX_FEATURE:1cxx_reference_qualified_functions
    Feature record: CXX_FEATURE:0cxx_relaxed_constexpr
    Feature record: CXX_FEATURE:0cxx_return_type_deduction
    Feature record: CXX_FEATURE:1cxx_right_angle_brackets
    Feature record: CXX_FEATURE:1cxx_rvalue_references
    Feature record: CXX_FEATURE:1cxx_sizeof_member
    Feature record: CXX_FEATURE:1cxx_static_assert
    Feature record: CXX_FEATURE:1cxx_strong_enums
    Feature record: CXX_FEATURE:1cxx_template_template_parameters
    Feature record: CXX_FEATURE:1cxx_thread_local
    Feature record: CXX_FEATURE:1cxx_trailing_return_types
    Feature record: CXX_FEATURE:1cxx_unicode_literals
    Feature record: CXX_FEATURE:1cxx_uniform_initialization
    Feature record: CXX_FEATURE:1cxx_unrestricted_unions
    Feature record: CXX_FEATURE:1cxx_user_literals
    Feature record: CXX_FEATURE:0cxx_variable_templates
    Feature record: CXX_FEATURE:1cxx_variadic_macros
    Feature record: CXX_FEATURE:1cxx_variadic_templates


Detecting CXX [-std=c++98] compiler features compiled with the following output:
Change Dir: /cygdrive/e/cpuNaive/CMakeFiles/CMakeTmp

Run Build Command:"/usr/bin/make.exe" "cmTC_ef343/fast"
/usr/bin/make -f CMakeFiles/cmTC_ef343.dir/build.make CMakeFiles/cmTC_ef343.dir/build
make[1]: Entering directory '/cygdrive/e/cpuNaive/CMakeFiles/CMakeTmp'
Building CXX object CMakeFiles/cmTC_ef343.dir/feature_tests.cxx.o
/usr/bin/c++.exe    -std=c++98 -o CMakeFiles/cmTC_ef343.dir/feature_tests.cxx.o -c /cygdrive/e/cpuNaive/CMakeFiles/feature_tests.cxx
Linking CXX executable cmTC_ef343.exe
/usr/bin/cmake.exe -E cmake_link_script CMakeFiles/cmTC_ef343.dir/link.txt --verbose=1
/usr/bin/c++.exe     -Wl,--enable-auto-import  CMakeFiles/cmTC_ef343.dir/feature_tests.cxx.o  -o cmTC_ef343.exe -Wl,--out-implib,libcmTC_ef343.dll.a -Wl,--major-image-version,0,--minor-image-version,0  
make[1]: Leaving directory '/cygdrive/e/cpuNaive/CMakeFiles/CMakeTmp'


    Feature record: CXX_FEATURE:0cxx_aggregate_default_initializers
    Feature record: CXX_FEATURE:0cxx_alias_templates
    Feature record: CXX_FEATURE:0cxx_alignas
    Feature record: CXX_FEATURE:0cxx_alignof
    Feature record: CXX_FEATURE:0cxx_attributes
    Feature record: CXX_FEATURE:0cxx_attribute_deprecated
    Feature record: CXX_FEATURE:0cxx_auto_type
    Feature record: CXX_FEATURE:0cxx_binary_literals
    Feature record: CXX_FEATURE:0cxx_constexpr
    Feature record: CXX_FEATURE:0cxx_contextual_conversions
    Feature record: CXX_FEATURE:0cxx_decltype
    Feature record: CXX_FEATURE:0cxx_decltype_auto
    Feature record: CXX_FEATURE:0cxx_decltype_incomplete_return_types
    Feature record: CXX_FEATURE:0cxx_default_function_template_args
    Feature record: CXX_FEATURE:0cxx_defaulted_functions
    Feature record: CXX_FEATURE:0cxx_defaulted_move_initializers
    Feature record: CXX_FEATURE:0cxx_delegating_constructors
    Feature record: CXX_FEATURE:0cxx_deleted_functions
    Feature record: CXX_FEATURE:0cxx_digit_separators
    Feature record: CXX_FEATURE:0cxx_enum_forward_declarations
    Feature record: CXX_FEATURE:0cxx_explicit_conversions
    Feature record: CXX_FEATURE:0cxx_extended_friend_declarations
    Feature record: CXX_FEATURE:0cxx_extern_templates
    Feature record: CXX_FEATURE:0cxx_final
    Feature record: CXX_FEATURE:0cxx_func_identifier
    Feature record: CXX_FEATURE:0cxx_generalized_initializers
    Feature record: CXX_FEATURE:0cxx_generic_lambdas
    Feature record: CXX_FEATURE:0cxx_inheriting_constructors
    Feature record: CXX_FEATURE:0cxx_inline_namespaces
    Feature record: CXX_FEATURE:0cxx_lambdas
    Feature record: CXX_FEATURE:0cxx_lambda_init_captures
    Feature record: CXX_FEATURE:0cxx_local_type_template_args
    Feature record: CXX_FEATURE:0cxx_long_long_type
    Feature record: CXX_FEATURE:0cxx_noexcept
    Feature record: CXX_FEATURE:0cxx_nonstatic_member_init
    Feature record: CXX_FEATURE:0cxx_nullptr
    Feature record: CXX_FEATURE:0cxx_override
    Feature record: CXX_FEATURE:0cxx_range_for
    Feature record: CXX_FEATURE:0cxx_raw_string_literals
    Feature record: CXX_FEATURE:0cxx_reference_qualified_functions
    Feature record: CXX_FEATURE:0cxx_relaxed_constexpr
    Feature record: CXX_FEATURE:0cxx_return_type_deduction
    Feature record: CXX_FEATURE:0cxx_right_angle_brackets
    Feature record: CXX_FEATURE:0cxx_rvalue_references
    Feature record: CXX_FEATURE:0cxx_sizeof_member
    Feature record: CXX_FEATURE:0cxx_static_assert
    Feature record: CXX_FEATURE:0cxx_strong_enums
    Feature record: CXX_FEATURE:1cxx_template_template_parameters
    Feature record: CXX_FEATURE:0cxx_thread_local
    Feature record: CXX_FEATURE:0cxx_trailing_return_types
    Feature record: CXX_FEATURE:0cxx_unicode_literals
    Feature record: CXX_FEATURE:0cxx_uniform_initialization
    Feature record: CXX_FEATURE:0cxx_unrestricted_unions
    Feature record: CXX_FEATURE:0cxx_user_literals
    Feature record: CXX_FEATURE:0cxx_variable_templates
    Feature record: CXX_FEATURE:0cxx_variadic_macros
    Feature record: CXX_FEATURE:0cxx_variadic_templates
